<html>
<head>
<title>TestNG:  his</title>
<link href="../testng.css" rel="stylesheet" type="text/css" />
<link href="../my-testng.css" rel="stylesheet" type="text/css" />

<style type="text/css">
.log { display: none;} 
.stack-trace { display: none;} 
</style>
<script type="text/javascript">
<!--
function flip(e) {
  current = e.style.display;
  if (current == 'block') {
    e.style.display = 'none';
    return 0;
  }
  else {
    e.style.display = 'block';
    return 1;
  }
}

function toggleBox(szDivId, elem, msg1, msg2)
{
  var res = -1;  if (document.getElementById) {
    res = flip(document.getElementById(szDivId));
  }
  else if (document.all) {
    // this is the way old msie versions work
    res = flip(document.all[szDivId]);
  }
  if(elem) {
    if(res == 0) elem.innerHTML = msg1; else elem.innerHTML = msg2;
  }

}

function toggleAllBoxes() {
  if (document.getElementsByTagName) {
    d = document.getElementsByTagName('div');
    for (i = 0; i < d.length; i++) {
      if (d[i].className == 'log') {
        flip(d[i]);
      }
    }
  }
}

// -->
</script>

</head>
<body>
<h2 align='center'>his</h2><table border='1' align="center">
<tr>
<td>Tests passed/Failed/Skipped:</td><td>5/3/0</td>
</tr><tr>
<td>Started on:</td><td>Mon Jan 16 13:48:12 CST 2017</td>
</tr>
<tr><td>Total time:</td><td>3 seconds (3179 ms)</td>
</tr><tr>
<td>Included groups:</td><td></td>
</tr><tr>
<td>Excluded groups:</td><td></td>
</tr>
</table><p/>
<small><i>(Hover the method name to see the test class name)</i></small><p/>
<table width='100%' border='1' class='invocation-failed'>
<tr><td colspan='4' align='center'><b>FAILED TESTS</b></td></tr>
<tr><td><b>Test method</b></td>
<td width="30%"><b>Exception</b></td>
<td width="10%"><b>Time (seconds)</b></td>
<td><b>Instance</b></td>
</tr>
<tr>
<td title='com.fufang.testcase.his.GetMaterialContents.getContents()'><b>getContents</b><br>Test class: com.fufang.testcase.his.GetMaterialContents</td>
<td><div><pre>org.apache.http.client.ClientProtocolException: Unexpected response status: 404
	at com.fufang.utils.HttpUtils$1.handleResponse(HttpUtils.java:42)
	at com.fufang.utils.HttpUtils$1.handleResponse(HttpUtils.java:34)
	at org.apache.http.impl.client.CloseableHttpClient.execute(CloseableHttpClient.java:222)
	at org.apache.http.impl.client.CloseableHttpClient.execute(CloseableHttpClient.java:164)
	at org.apache.http.impl.client.CloseableHttpClient.execute(CloseableHttpClient.java:139)
	at com.fufang.utils.HttpUtils.httpGet(HttpUtils.java:46)
	at com.fufang.testcase.his.GetMaterialContents.getContents(GetMaterialContents.java:61)
... Removed 24 stack frames</pre></div><a href='#' onClick='toggleBox("stack-trace765284253", this, "Click to show all stack frames", "Click to hide stack frames")'>Click to show all stack frames</a>
<div class='stack-trace' id='stack-trace765284253'><pre>org.apache.http.client.ClientProtocolException: Unexpected response status: 404
	at com.fufang.utils.HttpUtils$1.handleResponse(HttpUtils.java:42)
	at com.fufang.utils.HttpUtils$1.handleResponse(HttpUtils.java:34)
	at org.apache.http.impl.client.CloseableHttpClient.execute(CloseableHttpClient.java:222)
	at org.apache.http.impl.client.CloseableHttpClient.execute(CloseableHttpClient.java:164)
	at org.apache.http.impl.client.CloseableHttpClient.execute(CloseableHttpClient.java:139)
	at com.fufang.utils.HttpUtils.httpGet(HttpUtils.java:46)
	at com.fufang.testcase.his.GetMaterialContents.getContents(GetMaterialContents.java:61)
	at sun.reflect.NativeMethodAccessorImpl.invoke0(Native Method)
	at sun.reflect.NativeMethodAccessorImpl.invoke(NativeMethodAccessorImpl.java:62)
	at sun.reflect.DelegatingMethodAccessorImpl.invoke(DelegatingMethodAccessorImpl.java:43)
	at java.lang.reflect.Method.invoke(Method.java:498)
	at org.testng.internal.MethodInvocationHelper.invokeMethod(MethodInvocationHelper.java:84)
	at org.testng.internal.Invoker.invokeMethod(Invoker.java:714)
	at org.testng.internal.Invoker.invokeTestMethod(Invoker.java:901)
	at org.testng.internal.Invoker.invokeTestMethods(Invoker.java:1231)
	at org.testng.internal.TestMethodWorker.invokeTestMethods(TestMethodWorker.java:127)
	at org.testng.internal.TestMethodWorker.run(TestMethodWorker.java:111)
	at org.testng.TestRunner.privateRun(TestRunner.java:767)
	at org.testng.TestRunner.run(TestRunner.java:617)
	at org.testng.SuiteRunner.runTest(SuiteRunner.java:334)
	at org.testng.SuiteRunner.runSequentially(SuiteRunner.java:329)
	at org.testng.SuiteRunner.privateRun(SuiteRunner.java:291)
	at org.testng.SuiteRunner.run(SuiteRunner.java:240)
	at org.testng.SuiteRunnerWorker.runSuite(SuiteRunnerWorker.java:52)
	at org.testng.SuiteRunnerWorker.run(SuiteRunnerWorker.java:86)
	at org.testng.TestNG.runSuitesSequentially(TestNG.java:1224)
	at org.testng.TestNG.runSuitesLocally(TestNG.java:1149)
	at org.testng.TestNG.run(TestNG.java:1057)
	at org.testng.remote.RemoteTestNG.run(RemoteTestNG.java:111)
	at org.testng.remote.RemoteTestNG.initAndRun(RemoteTestNG.java:204)
	at org.testng.remote.RemoteTestNG.main(RemoteTestNG.java:175)
</pre></div></td>
<td>0</td>
<td>com.fufang.testcase.his.GetMaterialContents@546a03af</td></tr>
<tr>
<td title='com.fufang.testcase.his.GetFitPharmacy.getPharmacy()'><b>getPharmacy</b><br>Test class: com.fufang.testcase.his.GetFitPharmacy</td>
<td><div><pre>java.lang.AssertionError: expected [000000] but found [100000]
	at com.fufang.testcase.his.GetFitPharmacy.getPharmacy(GetFitPharmacy.java:44)
... Removed 29 stack frames</pre></div><a href='#' onClick='toggleBox("stack-trace1007880005", this, "Click to show all stack frames", "Click to hide stack frames")'>Click to show all stack frames</a>
<div class='stack-trace' id='stack-trace1007880005'><pre>java.lang.AssertionError: expected [000000] but found [100000]
	at org.testng.Assert.fail(Assert.java:94)
	at org.testng.Assert.failNotEquals(Assert.java:494)
	at org.testng.Assert.assertEquals(Assert.java:123)
	at org.testng.Assert.assertEquals(Assert.java:176)
	at org.testng.Assert.assertEquals(Assert.java:186)
	at com.fufang.testcase.his.GetFitPharmacy.getPharmacy(GetFitPharmacy.java:44)
	at sun.reflect.NativeMethodAccessorImpl.invoke0(Native Method)
	at sun.reflect.NativeMethodAccessorImpl.invoke(NativeMethodAccessorImpl.java:62)
	at sun.reflect.DelegatingMethodAccessorImpl.invoke(DelegatingMethodAccessorImpl.java:43)
	at java.lang.reflect.Method.invoke(Method.java:498)
	at org.testng.internal.MethodInvocationHelper.invokeMethod(MethodInvocationHelper.java:84)
	at org.testng.internal.Invoker.invokeMethod(Invoker.java:714)
	at org.testng.internal.Invoker.invokeTestMethod(Invoker.java:901)
	at org.testng.internal.Invoker.invokeTestMethods(Invoker.java:1231)
	at org.testng.internal.TestMethodWorker.invokeTestMethods(TestMethodWorker.java:127)
	at org.testng.internal.TestMethodWorker.run(TestMethodWorker.java:111)
	at org.testng.TestRunner.privateRun(TestRunner.java:767)
	at org.testng.TestRunner.run(TestRunner.java:617)
	at org.testng.SuiteRunner.runTest(SuiteRunner.java:334)
	at org.testng.SuiteRunner.runSequentially(SuiteRunner.java:329)
	at org.testng.SuiteRunner.privateRun(SuiteRunner.java:291)
	at org.testng.SuiteRunner.run(SuiteRunner.java:240)
	at org.testng.SuiteRunnerWorker.runSuite(SuiteRunnerWorker.java:52)
	at org.testng.SuiteRunnerWorker.run(SuiteRunnerWorker.java:86)
	at org.testng.TestNG.runSuitesSequentially(TestNG.java:1224)
	at org.testng.TestNG.runSuitesLocally(TestNG.java:1149)
	at org.testng.TestNG.run(TestNG.java:1057)
	at org.testng.remote.RemoteTestNG.run(RemoteTestNG.java:111)
	at org.testng.remote.RemoteTestNG.initAndRun(RemoteTestNG.java:204)
	at org.testng.remote.RemoteTestNG.main(RemoteTestNG.java:175)
</pre></div></td>
<td>0</td>
<td>com.fufang.testcase.his.GetFitPharmacy@721e0f4f</td></tr>
<tr>
<td title='com.fufang.testcase.his.UploadPrescription.uploadPrescription()'><b>uploadPrescription</b><br>Test class: com.fufang.testcase.his.UploadPrescription</td>
<td><div><pre>java.lang.AssertionError: expected [000000] but found [100000]
	at com.fufang.testcase.his.UploadPrescription.uploadPrescription(UploadPrescription.java:48)
... Removed 29 stack frames</pre></div><a href='#' onClick='toggleBox("stack-trace178049969", this, "Click to show all stack frames", "Click to hide stack frames")'>Click to show all stack frames</a>
<div class='stack-trace' id='stack-trace178049969'><pre>java.lang.AssertionError: expected [000000] but found [100000]
	at org.testng.Assert.fail(Assert.java:94)
	at org.testng.Assert.failNotEquals(Assert.java:494)
	at org.testng.Assert.assertEquals(Assert.java:123)
	at org.testng.Assert.assertEquals(Assert.java:176)
	at org.testng.Assert.assertEquals(Assert.java:186)
	at com.fufang.testcase.his.UploadPrescription.uploadPrescription(UploadPrescription.java:48)
	at sun.reflect.NativeMethodAccessorImpl.invoke0(Native Method)
	at sun.reflect.NativeMethodAccessorImpl.invoke(NativeMethodAccessorImpl.java:62)
	at sun.reflect.DelegatingMethodAccessorImpl.invoke(DelegatingMethodAccessorImpl.java:43)
	at java.lang.reflect.Method.invoke(Method.java:498)
	at org.testng.internal.MethodInvocationHelper.invokeMethod(MethodInvocationHelper.java:84)
	at org.testng.internal.Invoker.invokeMethod(Invoker.java:714)
	at org.testng.internal.Invoker.invokeTestMethod(Invoker.java:901)
	at org.testng.internal.Invoker.invokeTestMethods(Invoker.java:1231)
	at org.testng.internal.TestMethodWorker.invokeTestMethods(TestMethodWorker.java:127)
	at org.testng.internal.TestMethodWorker.run(TestMethodWorker.java:111)
	at org.testng.TestRunner.privateRun(TestRunner.java:767)
	at org.testng.TestRunner.run(TestRunner.java:617)
	at org.testng.SuiteRunner.runTest(SuiteRunner.java:334)
	at org.testng.SuiteRunner.runSequentially(SuiteRunner.java:329)
	at org.testng.SuiteRunner.privateRun(SuiteRunner.java:291)
	at org.testng.SuiteRunner.run(SuiteRunner.java:240)
	at org.testng.SuiteRunnerWorker.runSuite(SuiteRunnerWorker.java:52)
	at org.testng.SuiteRunnerWorker.run(SuiteRunnerWorker.java:86)
	at org.testng.TestNG.runSuitesSequentially(TestNG.java:1224)
	at org.testng.TestNG.runSuitesLocally(TestNG.java:1149)
	at org.testng.TestNG.run(TestNG.java:1057)
	at org.testng.remote.RemoteTestNG.run(RemoteTestNG.java:111)
	at org.testng.remote.RemoteTestNG.initAndRun(RemoteTestNG.java:204)
	at org.testng.remote.RemoteTestNG.main(RemoteTestNG.java:175)
</pre></div></td>
<td>0</td>
<td>com.fufang.testcase.his.UploadPrescription@61443d8f</td></tr>
</table><p>
<table width='100%' border='1' class='invocation-passed'>
<tr><td colspan='4' align='center'><b>PASSED TESTS</b></td></tr>
<tr><td><b>Test method</b></td>
<td width="30%"><b>Exception</b></td>
<td width="10%"><b>Time (seconds)</b></td>
<td><b>Instance</b></td>
</tr>
<tr>
<td title='com.fufang.testcase.his.GetFitPharmacy.invalidParams()'><b>invalidParams</b><br>Test class: com.fufang.testcase.his.GetFitPharmacy</td>
<td></td>
<td>0</td>
<td>com.fufang.testcase.his.GetFitPharmacy@721e0f4f</td></tr>
<tr>
<td title='com.fufang.testcase.his.QueryPrescription.invalidParams()'><b>invalidParams</b><br>Test class: com.fufang.testcase.his.QueryPrescription</td>
<td></td>
<td>0</td>
<td>com.fufang.testcase.his.QueryPrescription@7907ec20</td></tr>
<tr>
<td title='com.fufang.testcase.his.AgreeReturnMat.invalidParams()'><b>invalidParams</b><br>Test class: com.fufang.testcase.his.AgreeReturnMat</td>
<td></td>
<td>0</td>
<td>com.fufang.testcase.his.AgreeReturnMat@6ea6d14e</td></tr>
<tr>
<td title='com.fufang.testcase.his.QueryPrescription.queryPrescription()'><b>queryPrescription</b><br>Test class: com.fufang.testcase.his.QueryPrescription</td>
<td></td>
<td>0</td>
<td>com.fufang.testcase.his.QueryPrescription@7907ec20</td></tr>
<tr>
<td title='com.fufang.testcase.his.AgreeReturnMat.returenMat()'><b>returenMat</b><br>Test class: com.fufang.testcase.his.AgreeReturnMat</td>
<td></td>
<td>0</td>
<td>com.fufang.testcase.his.AgreeReturnMat@6ea6d14e</td></tr>
</table><p>
</body>
</html>